<?xml version="1.0" encoding="UTF-8"?>
<beans xmlns="http://www.springframework.org/schema/beans"
	xmlns:xsi="http://www.w3.org/2001/XMLSchema-instance" xmlns:context="http://www.springframework.org/schema/context"
	xsi:schemaLocation="http://www.springframework.org/schema/beans http://www.springframework.org/schema/beans/spring-beans-3.0.xsd
	http://www.springframework.org/schema/context http://www.springframework.org/schema/context/spring-context.xsd">

	<context:component-scan base-package="org.powertac.visualizer" />
	

	 <bean id="springApplicationContext" class="org.powertac.common.spring.SpringApplicationContext"/>

	<bean id="visualizerLogService" class="org.powertac.visualizer.services.VisualizerLogService">
		<constructor-arg name="outputFolderResource" value="WEB-INF/output/logs" />
		<constructor-arg name="filenamePrefix" value="visualizer" />
	</bean>


	<!-- .................BEANS......................... -->
	<!-- Each property represents context-relative path to a particular image. -->
	<bean id="imageBean" class="org.powertac.visualizer.beans.ImageBean">
		<property name="logoPath"
			value="/app/resources/images/powertac-banner-powerman.png" />
		<property name="offeredTarrifPath" value="/app/resources/images/offered_tarrif.png"/>
		<property name="moneyPath" value="/app/resources/images/money_icon.png"/>
	</bean>
		
	<bean id="visualizerBean" class="org.powertac.visualizer.beans.VisualizerBean" />
	
	<bean id="customerBackingBean" class="org.powertac.visualizer.beans.backing.CustomerBackingBean" scope="request" />
	<bean id="competitionInfoDashboard" class="org.powertac.visualizer.beans.backing.CompetitionInfoDashboard" scope="request" />
	
	<bean id="appearanceListBean" class="org.powertac.visualizer.beans.AppearanceListBean">
		<constructor-arg name="appereanceList">
			<list>
				<bean class="org.powertac.visualizer.domain.Appearance">
					<constructor-arg name="colorCode" value="163eef" />
					<constructor-arg name="iconLocation" value="/app/resources/images/brokers/163eef.png" />
				</bean>
				<bean class="org.powertac.visualizer.domain.Appearance">
					<constructor-arg name="colorCode" value="060606" />
					<constructor-arg name="iconLocation" value="/app/resources/images/brokers/060606.png" />
				</bean>
				<bean class="org.powertac.visualizer.domain.Appearance">
					<constructor-arg name="colorCode" value="ff0000" />
					<constructor-arg name="iconLocation" value="/app/resources/images/brokers/ff0000.png" />
				</bean>
				<bean class="org.powertac.visualizer.domain.Appearance">
					<constructor-arg name="colorCode" value="ff00ff" />
					<constructor-arg name="iconLocation" value="/app/resources/images/brokers/ff00ff.png" />
				</bean>
				<bean class="org.powertac.visualizer.domain.Appearance">
					<constructor-arg name="colorCode" value="ffff00" />
					<constructor-arg name="iconLocation" value="/app/resources/images/brokers/ffff00.png" />
				</bean>
			</list>
		</constructor-arg>
		<constructor-arg name="defaultAppearance">
			<bean class="org.powertac.visualizer.domain.Appearance">
				<constructor-arg name="colorCode" value="30ea17" />
				<constructor-arg name="iconLocation" value="/app/resources/images/brokers/default_30ea17.png" />
			</bean>
		</constructor-arg>
	</bean>

</beans>
	